<?xml version="1.0" encoding="UTF-8"?>
<testsuite name="ru.education.apiTest.mealplanner.ShoppingList" tests="1" skipped="0" failures="0" errors="0" timestamp="2022-04-02T13:50:19" hostname="EVDOKIMOV" time="7.91">
  <properties/>
  <testcase name="checkCauliflower()" classname="ru.education.apiTest.mealplanner.ShoppingList" time="7.91"/>
  <system-out><![CDATA[{"aisles":[{"aisle":"Baking","items":[{"id":1039707,"name":"goodbite chicken patty-2 pack","measures":{"original":{"amount":1.0,"unit":""},"metric":{"amount":1.0,"unit":""},"us":{"amount":1.0,"unit":""}},"usages":[],"usageRecipeIds":[],"pantryItem":false,"aisle":"Baking","cost":506.15,"ingredientId":5006},{"id":1039645,"name":"baking powder","measures":{"original":{"amount":1.0,"unit":"package"},"metric":{"amount":1.0,"unit":"pkg"},"us":{"amount":1.0,"unit":"pkg"}},"usages":[],"usageRecipeIds":[],"pantryItem":false,"aisle":"Baking","cost":0.71,"ingredientId":18369},{"id":1039661,"name":"baking powder","measures":{"original":{"amount":1.0,"unit":"package"},"metric":{"amount":1.0,"unit":"pkg"},"us":{"amount":1.0,"unit":"pkg"}},"usages":[],"usageRecipeIds":[],"pantryItem":false,"aisle":"Baking","cost":0.71,"ingredientId":18369},{"id":1039665,"name":"baking powder","measures":{"original":{"amount":1.0,"unit":"package"},"metric":{"amount":1.0,"unit":"pkg"},"us":{"amount":1.0,"unit":"pkg"}},"usages":[],"usageRecipeIds":[],"pantryItem":false,"aisle":"Baking","cost":0.71,"ingredientId":18369},{"id":1039677,"name":"baking powder","measures":{"original":{"amount":1.0,"unit":"package"},"metric":{"amount":1.0,"unit":"pkg"},"us":{"amount":1.0,"unit":"pkg"}},"usages":[],"usageRecipeIds":[],"pantryItem":false,"aisle":"Baking","cost":0.71,"ingredientId":18369},{"id":1039679,"name":"baking powder","measures":{"original":{"amount":1.0,"unit":"package"},"metric":{"amount":1.0,"unit":"pkg"},"us":{"amount":1.0,"unit":"pkg"}},"usages":[],"usageRecipeIds":[],"pantryItem":false,"aisle":"Baking","cost":0.71,"ingredientId":18369},{"id":1039681,"name":"baking powder","measures":{"original":{"amount":1.0,"unit":"package"},"metric":{"amount":1.0,"unit":"pkg"},"us":{"amount":1.0,"unit":"pkg"}},"usages":[],"usageRecipeIds":[],"pantryItem":false,"aisle":"Baking","cost":0.71,"ingredientId":18369},{"id":1039683,"name":"goodbite chicken patty-2 pack","measures":{"original":{"amount":1.0,"unit":""},"metric":{"amount":1.0,"unit":""},"us":{"amount":1.0,"unit":""}},"usages":[],"usageRecipeIds":[],"pantryItem":false,"aisle":"Baking","cost":506.15,"ingredientId":5006},{"id":1039685,"name":"goodbite chicken patty-2 pack","measures":{"original":{"amount":1.0,"unit":""},"metric":{"amount":1.0,"unit":""},"us":{"amount":1.0,"unit":""}},"usages":[],"usageRecipeIds":[],"pantryItem":false,"aisle":"Baking","cost":506.15,"ingredientId":5006},{"id":1039687,"name":"goodbite chicken patty-2 pack","measures":{"original":{"amount":1.0,"unit":""},"metric":{"amount":1.0,"unit":""},"us":{"amount":1.0,"unit":""}},"usages":[],"usageRecipeIds":[],"pantryItem":false,"aisle":"Baking","cost":506.15,"ingredientId":5006}]}],"cost":2028.86,"startDate":1648907422,"endDate":1649512222}
{"aisles":[{"aisle":"Baking","items":[{"id":1039645,"name":"baking powder","measures":{"original":{"amount":1.0,"unit":"package"},"metric":{"amount":1.0,"unit":"pkg"},"us":{"amount":1.0,"unit":"pkg"}},"usages":[],"usageRecipeIds":[],"pantryItem":false,"aisle":"Baking","cost":0.71,"ingredientId":18369},{"id":1039661,"name":"baking powder","measures":{"original":{"amount":1.0,"unit":"package"},"metric":{"amount":1.0,"unit":"pkg"},"us":{"amount":1.0,"unit":"pkg"}},"usages":[],"usageRecipeIds":[],"pantryItem":false,"aisle":"Baking","cost":0.71,"ingredientId":18369},{"id":1039665,"name":"baking powder","measures":{"original":{"amount":1.0,"unit":"package"},"metric":{"amount":1.0,"unit":"pkg"},"us":{"amount":1.0,"unit":"pkg"}},"usages":[],"usageRecipeIds":[],"pantryItem":false,"aisle":"Baking","cost":0.71,"ingredientId":18369},{"id":1039677,"name":"baking powder","measures":{"original":{"amount":1.0,"unit":"package"},"metric":{"amount":1.0,"unit":"pkg"},"us":{"amount":1.0,"unit":"pkg"}},"usages":[],"usageRecipeIds":[],"pantryItem":false,"aisle":"Baking","cost":0.71,"ingredientId":18369},{"id":1039679,"name":"baking powder","measures":{"original":{"amount":1.0,"unit":"package"},"metric":{"amount":1.0,"unit":"pkg"},"us":{"amount":1.0,"unit":"pkg"}},"usages":[],"usageRecipeIds":[],"pantryItem":false,"aisle":"Baking","cost":0.71,"ingredientId":18369},{"id":1039681,"name":"baking powder","measures":{"original":{"amount":1.0,"unit":"package"},"metric":{"amount":1.0,"unit":"pkg"},"us":{"amount":1.0,"unit":"pkg"}},"usages":[],"usageRecipeIds":[],"pantryItem":false,"aisle":"Baking","cost":0.71,"ingredientId":18369},{"id":1039683,"name":"goodbite chicken patty-2 pack","measures":{"original":{"amount":1.0,"unit":""},"metric":{"amount":1.0,"unit":""},"us":{"amount":1.0,"unit":""}},"usages":[],"usageRecipeIds":[],"pantryItem":false,"aisle":"Baking","cost":506.15,"ingredientId":5006},{"id":1039685,"name":"goodbite chicken patty-2 pack","measures":{"original":{"amount":1.0,"unit":""},"metric":{"amount":1.0,"unit":""},"us":{"amount":1.0,"unit":""}},"usages":[],"usageRecipeIds":[],"pantryItem":false,"aisle":"Baking","cost":506.15,"ingredientId":5006},{"id":1039687,"name":"goodbite chicken patty-2 pack","measures":{"original":{"amount":1.0,"unit":""},"metric":{"amount":1.0,"unit":""},"us":{"amount":1.0,"unit":""}},"usages":[],"usageRecipeIds":[],"pantryItem":false,"aisle":"Baking","cost":506.15,"ingredientId":5006}]}],"cost":1522.71,"startDate":1648907422,"endDate":1649512222}
{"aisles":[{"aisle":"Baking","items":[{"id":1039645,"name":"baking powder","measures":{"original":{"amount":1.0,"unit":"package"},"metric":{"amount":1.0,"unit":"pkg"},"us":{"amount":1.0,"unit":"pkg"}},"usages":[],"usageRecipeIds":[],"pantryItem":false,"aisle":"Baking","cost":0.71,"ingredientId":18369},{"id":1039661,"name":"baking powder","measures":{"original":{"amount":1.0,"unit":"package"},"metric":{"amount":1.0,"unit":"pkg"},"us":{"amount":1.0,"unit":"pkg"}},"usages":[],"usageRecipeIds":[],"pantryItem":false,"aisle":"Baking","cost":0.71,"ingredientId":18369},{"id":1039665,"name":"baking powder","measures":{"original":{"amount":1.0,"unit":"package"},"metric":{"amount":1.0,"unit":"pkg"},"us":{"amount":1.0,"unit":"pkg"}},"usages":[],"usageRecipeIds":[],"pantryItem":false,"aisle":"Baking","cost":0.71,"ingredientId":18369},{"id":1039677,"name":"baking powder","measures":{"original":{"amount":1.0,"unit":"package"},"metric":{"amount":1.0,"unit":"pkg"},"us":{"amount":1.0,"unit":"pkg"}},"usages":[],"usageRecipeIds":[],"pantryItem":false,"aisle":"Baking","cost":0.71,"ingredientId":18369},{"id":1039679,"name":"baking powder","measures":{"original":{"amount":1.0,"unit":"package"},"metric":{"amount":1.0,"unit":"pkg"},"us":{"amount":1.0,"unit":"pkg"}},"usages":[],"usageRecipeIds":[],"pantryItem":false,"aisle":"Baking","cost":0.71,"ingredientId":18369},{"id":1039681,"name":"baking powder","measures":{"original":{"amount":1.0,"unit":"package"},"metric":{"amount":1.0,"unit":"pkg"},"us":{"amount":1.0,"unit":"pkg"}},"usages":[],"usageRecipeIds":[],"pantryItem":false,"aisle":"Baking","cost":0.71,"ingredientId":18369},{"id":1039683,"name":"goodbite chicken patty-2 pack","measures":{"original":{"amount":1.0,"unit":""},"metric":{"amount":1.0,"unit":""},"us":{"amount":1.0,"unit":""}},"usages":[],"usageRecipeIds":[],"pantryItem":false,"aisle":"Baking","cost":506.15,"ingredientId":5006},{"id":1039685,"name":"goodbite chicken patty-2 pack","measures":{"original":{"amount":1.0,"unit":""},"metric":{"amount":1.0,"unit":""},"us":{"amount":1.0,"unit":""}},"usages":[],"usageRecipeIds":[],"pantryItem":false,"aisle":"Baking","cost":506.15,"ingredientId":5006},{"id":1039687,"name":"goodbite chicken patty-2 pack","measures":{"original":{"amount":1.0,"unit":""},"metric":{"amount":1.0,"unit":""},"us":{"amount":1.0,"unit":""}},"usages":[],"usageRecipeIds":[],"pantryItem":false,"aisle":"Baking","cost":506.15,"ingredientId":5006}]}],"cost":1522.71,"startDate":1648907422,"endDate":1649512222}
]]></system-out>
  <system-err><![CDATA[]]></system-err>
</testsuite>
