<?xml version="1.0" encoding="UTF-8"?>
<testsuite name="ru.education.apiTest.mealplanner.ShoppingList" tests="1" skipped="0" failures="0" errors="0" timestamp="2022-04-02T15:45:43" hostname="EVDOKIMOV" time="4.062">
  <properties/>
  <testcase name="checkCauliflower()" classname="ru.education.apiTest.mealplanner.ShoppingList" time="4.062"/>
  <system-out><![CDATA[]]></system-out>
  <system-err><![CDATA[]]></system-err>
</testsuite>
