<?xml version="1.0" encoding="UTF-8"?>
<testsuite name="ru.education.apiTest.mealplanner.ShoppingList" tests="1" skipped="0" failures="0" errors="0" timestamp="2022-04-02T14:00:28" hostname="EVDOKIMOV" time="3.731">
  <properties/>
  <testcase name="checkCauliflower()" classname="ru.education.apiTest.mealplanner.ShoppingList" time="3.731"/>
  <system-out><![CDATA[{"aisles":[{"aisle":"Baking","items":[{"id":1039711,"name":"goodbite chicken patty-2 pack","measures":{"original":{"amount":1.0,"unit":""},"metric":{"amount":1.0,"unit":""},"us":{"amount":1.0,"unit":""}},"usages":[],"usageRecipeIds":[],"pantryItem":false,"aisle":"Baking","cost":506.15,"ingredientId":5006}]}],"cost":506.15,"startDate":1648908031,"endDate":1649512831}
{"aisles":[],"cost":0.0,"startDate":1648908031,"endDate":1649512831}
{"aisles":[],"cost":0.0,"startDate":1648908031,"endDate":1649512831}
]]></system-out>
  <system-err><![CDATA[]]></system-err>
</testsuite>
